2021/11/18 17:22:53 INFO  - jmeter.util.JMeterUtils: Setting Locale to en_US 
2021/11/18 17:22:53 INFO  - jmeter.JMeter: Loading user properties from: /usr/share/jmeter/bin/user.properties 
2021/11/18 17:22:53 INFO  - jmeter.JMeter: Loading system properties from: /usr/share/jmeter/bin/system.properties 
2021/11/18 17:22:53 INFO  - jmeter.JMeter: Copyright (c) 1998-2015 The Apache Software Foundation 
2021/11/18 17:22:53 INFO  - jmeter.JMeter: Version 2.13.20180731 
2021/11/18 17:22:53 INFO  - jmeter.JMeter: java.version=11.0.11 
2021/11/18 17:22:53 INFO  - jmeter.JMeter: java.vm.name=OpenJDK 64-Bit Server VM 
2021/11/18 17:22:53 INFO  - jmeter.JMeter: os.name=Linux 
2021/11/18 17:22:53 INFO  - jmeter.JMeter: os.arch=amd64 
2021/11/18 17:22:53 INFO  - jmeter.JMeter: os.version=5.11.0-38-generic 
2021/11/18 17:22:53 INFO  - jmeter.JMeter: file.encoding=UTF-8 
2021/11/18 17:22:53 INFO  - jmeter.JMeter: Default Locale=English (United States) 
2021/11/18 17:22:53 INFO  - jmeter.JMeter: JMeter  Locale=English (United States) 
2021/11/18 17:22:53 INFO  - jmeter.JMeter: JMeterHome=/usr/share/jmeter 
2021/11/18 17:22:53 INFO  - jmeter.JMeter: user.dir  =/home/cassandre/Documents/AIT/AIT_LABO/Teaching-HEIGVD-AIT-2019-Labo-Load-Balancing 
2021/11/18 17:22:53 INFO  - jmeter.JMeter: PWD       =/home/cassandre/Documents/AIT/AIT_LABO/Teaching-HEIGVD-AIT-2019-Labo-Load-Balancing 
2021/11/18 17:22:53 INFO  - jmeter.JMeter: IP: 127.0.1.1 Name: cassandre-Lenovo-YOGA-710-14IKB FullName: cassandre-Lenovo-YOGA-710-14IKB 
2021/11/18 17:22:53 INFO  - jmeter.gui.action.LookAndFeelCommand: Using look and feel: javax.swing.plaf.metal.MetalLookAndFeel [Metal, CrossPlatform] 
2021/11/18 17:22:53 INFO  - jmeter.JMeter: Loaded icon properties from org/apache/jmeter/images/icon.properties 
2021/11/18 17:22:54 INFO  - jmeter.engine.util.CompoundVariable: Note: Function class names must contain the string: '.functions.' 
2021/11/18 17:22:54 INFO  - jmeter.engine.util.CompoundVariable: Note: Function class names must not contain the string: '.gui.' 
2021/11/18 17:22:55 INFO  - jmeter.util.BSFTestElement: Registering JMeter version of JavaScript engine as work-round for BSF-22 
2021/11/18 17:22:55 INFO  - jmeter.protocol.http.sampler.HTTPSamplerBase: Cannot find .className property for htmlParser, using default 
2021/11/18 17:22:55 INFO  - jmeter.protocol.http.sampler.HTTPSamplerBase: Parser for text/html is  
2021/11/18 17:22:55 INFO  - jmeter.protocol.http.sampler.HTTPSamplerBase: Parser for application/xhtml+xml is  
2021/11/18 17:22:55 INFO  - jmeter.protocol.http.sampler.HTTPSamplerBase: Parser for application/xml is  
2021/11/18 17:22:55 INFO  - jmeter.protocol.http.sampler.HTTPSamplerBase: Parser for text/xml is  
2021/11/18 17:22:55 INFO  - jmeter.protocol.http.sampler.HTTPSamplerBase: Parser for text/vnd.wap.wml is org.apache.jmeter.protocol.http.parser.RegexpHTMLParser 
2021/11/18 17:22:55 INFO  - jmeter.gui.util.MenuFactory: Skipping org.apache.jmeter.protocol.http.modifier.gui.ParamModifierGui 
2021/11/18 17:22:55 INFO  - jorphan.exec.KeyToolUtils: keytool found at 'keytool' 
2021/11/18 17:22:55 INFO  - jmeter.protocol.http.proxy.ProxyControl: HTTP(S) Test Script Recorder SSL Proxy will use keys that support embedded 3rd party resources in file /usr/share/jmeter/bin/proxyserver.jks 
2021/11/18 17:22:56 INFO  - jmeter.samplers.SampleResult: Note: Sample TimeStamps are START times 
2021/11/18 17:22:56 INFO  - jmeter.samplers.SampleResult: sampleresult.default.encoding is set to ISO-8859-1 
2021/11/18 17:22:56 INFO  - jmeter.samplers.SampleResult: sampleresult.useNanoTime=true 
2021/11/18 17:22:56 INFO  - jmeter.samplers.SampleResult: sampleresult.nanoThreadSleep=5000 
2021/11/18 17:23:08 INFO  - jmeter.services.FileServer: Default base='/home/cassandre/Documents/AIT/AIT_LABO/Teaching-HEIGVD-AIT-2019-Labo-Load-Balancing' 
2021/11/18 17:23:08 INFO  - jmeter.gui.action.Load: Loading file: /home/cassandre/Documents/AIT/AIT_LABO/Teaching-HEIGVD-AIT-2019-Labo-Load-Balancing/tester.jmx 
2021/11/18 17:23:08 INFO  - jmeter.services.FileServer: Set new base='/home/cassandre/Documents/AIT/AIT_LABO/Teaching-HEIGVD-AIT-2019-Labo-Load-Balancing' 
2021/11/18 17:23:08 INFO  - jmeter.save.SaveService: Testplan (JMX) version: 2.2. Testlog (JTL) version: 2.2 
2021/11/18 17:23:08 INFO  - jmeter.save.SaveService: Using SaveService properties version 2.8 
2021/11/18 17:23:08 INFO  - jmeter.save.SaveService: Using SaveService properties file version 1656252 
2021/11/18 17:23:08 INFO  - jmeter.save.SaveService: Using SaveService properties file encoding UTF-8 
2021/11/18 17:23:08 INFO  - jmeter.save.SaveService: All converter versions present and correct 
2021/11/18 17:23:08 INFO  - jmeter.save.SaveService: Loading file: /home/cassandre/Documents/AIT/AIT_LABO/Teaching-HEIGVD-AIT-2019-Labo-Load-Balancing/tester.jmx 
2021/11/18 17:23:08 INFO  - jmeter.protocol.http.control.CookieManager: Settings: Delete null: true Check: true Allow variable: true Save: false Prefix: COOKIE_ 
2021/11/18 17:23:08 INFO  - jmeter.services.FileServer: Set new base='/home/cassandre/Documents/AIT/AIT_LABO/Teaching-HEIGVD-AIT-2019-Labo-Load-Balancing' 
2021/11/18 17:26:39 INFO  - jmeter.engine.StandardJMeterEngine: Listeners will be started after enabling running version 
2021/11/18 17:26:39 INFO  - jmeter.engine.StandardJMeterEngine: To revert to the earlier behaviour, define jmeterengine.startlistenerslater=false 
2021/11/18 17:26:39 INFO  - jmeter.engine.StandardJMeterEngine: Running the test! 
2021/11/18 17:26:39 INFO  - jmeter.samplers.SampleEvent: List of sample_variables: [] 
2021/11/18 17:26:39 INFO  - jmeter.samplers.SampleEvent: List of sample_variables: [] 
2021/11/18 17:26:39 INFO  - jmeter.gui.util.JMeterMenuBar: setRunning(true,*local*) 
2021/11/18 17:26:39 INFO  - jmeter.engine.StandardJMeterEngine: Starting ThreadGroup: 1 : Thread Group 
2021/11/18 17:26:39 INFO  - jmeter.engine.StandardJMeterEngine: Starting 1 threads for group Thread Group. 
2021/11/18 17:26:39 INFO  - jmeter.engine.StandardJMeterEngine: Thread will continue on error 
2021/11/18 17:26:39 INFO  - jmeter.threads.ThreadGroup: Starting thread group number 1 threads 1 ramp-up 1 perThread 1000.0 delayedStart=false 
2021/11/18 17:26:39 INFO  - jmeter.threads.JMeterThread: jmeterthread.startearlier=true (see jmeter.properties) 
2021/11/18 17:26:39 INFO  - jmeter.threads.JMeterThread: Running PostProcessors in forward order 
2021/11/18 17:26:39 INFO  - jmeter.threads.ThreadGroup: Started thread group number 1 
2021/11/18 17:26:39 INFO  - jmeter.engine.StandardJMeterEngine: All thread groups have been started 
2021/11/18 17:26:39 INFO  - jmeter.threads.JMeterThread: Thread started: Thread Group 1-1 
2021/11/18 17:26:39 INFO  - jmeter.protocol.http.sampler.HTTPHCAbstractImpl: Local host = cassandre-Lenovo-YOGA-710-14IKB 
2021/11/18 17:26:39 INFO  - jmeter.protocol.http.sampler.HTTPHC4Impl: HTTP request retry count = 0 
2021/11/18 17:26:39 INFO  - jmeter.protocol.http.sampler.HTTPHC4Impl: Setting up HTTPS TrustAll scheme 
2021/11/18 17:26:39 INFO  - jmeter.util.JsseSSLManager: Using default SSL protocol: TLS 
2021/11/18 17:26:39 INFO  - jmeter.util.JsseSSLManager: SSL session context: per-thread 
2021/11/18 17:26:56 INFO  - jmeter.threads.JMeterThread: Thread is done: Thread Group 1-1 
2021/11/18 17:26:56 INFO  - jmeter.threads.JMeterThread: Thread finished: Thread Group 1-1 
2021/11/18 17:26:56 INFO  - jmeter.engine.StandardJMeterEngine: Notifying test listeners of end of test 
2021/11/18 17:26:56 INFO  - jmeter.gui.util.JMeterMenuBar: setRunning(false,*local*) 
